[debug] [2020-01-18T17:40:17.008Z] ----------------------------------------------------------------------
[debug] [2020-01-18T17:40:17.010Z] Command:       C:\Program Files\nodejs\node.exe C:\Users\dawid\AppData\Roaming\npm\node_modules\firebase-tools\lib\bin\firebase.js deploy
[debug] [2020-01-18T17:40:17.010Z] CLI Version:   7.12.1
[debug] [2020-01-18T17:40:17.010Z] Platform:      win32
[debug] [2020-01-18T17:40:17.010Z] Node Version:  v12.14.0
[debug] [2020-01-18T17:40:17.011Z] Time:          Sat Jan 18 2020 18:40:17 GMT+0100 (GMT+01:00)
[debug] [2020-01-18T17:40:17.011Z] ----------------------------------------------------------------------
[debug] [2020-01-18T17:40:17.011Z] 
[debug] [2020-01-18T17:40:17.018Z] > command requires scopes: ["email","openid","https://www.googleapis.com/auth/cloudplatformprojects.readonly","https://www.googleapis.com/auth/firebase","https://www.googleapis.com/auth/cloud-platform"]
[debug] [2020-01-18T17:40:17.019Z] > authorizing via signed-in user
[debug] [2020-01-18T17:40:17.019Z] [iam] checking project dawidpolednik-ca10b for permissions ["firebase.projects.get","firebasehosting.sites.update"]
[debug] [2020-01-18T17:40:17.020Z] > refreshing access token with scopes: ["email","https://www.googleapis.com/auth/cloud-platform","https://www.googleapis.com/auth/cloudplatformprojects.readonly","https://www.googleapis.com/auth/firebase","openid"]
[debug] [2020-01-18T17:40:17.020Z] >>> HTTP REQUEST POST https://www.googleapis.com/oauth2/v3/token  
 <request body omitted>
[debug] [2020-01-18T17:40:17.180Z] <<< HTTP RESPONSE 200
[debug] [2020-01-18T17:40:17.186Z] >>> HTTP REQUEST POST https://cloudresourcemanager.googleapis.com/v1/projects/dawidpolednik-ca10b:testIamPermissions  

[debug] [2020-01-18T17:40:18.215Z] <<< HTTP RESPONSE 200
[debug] [2020-01-18T17:40:18.219Z] >>> HTTP REQUEST GET https://firebase.googleapis.com/v1beta1/projects/dawidpolednik-ca10b  
 
[debug] [2020-01-18T17:40:18.532Z] <<< HTTP RESPONSE 200
[info] 
[info] === Deploying to 'dawidpolednik-ca10b'...
[info] 
[info] i  deploying hosting
[debug] [2020-01-18T17:40:18.543Z] >>> HTTP REQUEST POST https://firebasehosting.googleapis.com/v1beta1/sites/dawidpolednik-ca10b/versions  

[debug] [2020-01-18T17:40:20.428Z] <<< HTTP RESPONSE 200
[info] i  hosting[dawidpolednik-ca10b]: beginning deploy...
[info] i  hosting[dawidpolednik-ca10b]: found 66 files in build
[debug] [2020-01-18T17:40:20.813Z] [hosting] hash cache [YnVpbGQ] stored for 66 files
[debug] [2020-01-18T17:40:20.813Z] [hosting][hash queue][FINAL]
[debug] [2020-01-18T17:40:20.813Z] >>> HTTP REQUEST POST https://firebasehosting.googleapis.com/v1beta1/sites/dawidpolednik-ca10b/versions/94f599f7d6302e1e:populateFiles  
 <request body omitted>
[debug] [2020-01-18T17:40:23.530Z] <<< HTTP RESPONSE 200
[debug] [2020-01-18T17:40:23.543Z] [hosting][populate queue][FINAL]
[debug] [2020-01-18T17:40:23.543Z] [hosting] uploads queued: 8
